_amp_ckernels_cffi.c
   Creating library .\Release\_amp_ckernels_cffi.cp310-win_amd64.lib and object .\Release\_amp_ckernels_cffi.cp310-win_amd64.exp
Generating code
Finished generating code
pygame 2.6.1 (SDL 2.28.4, Python 3.10.6)
Hello from the pygame community. https://www.pygame.org/contribute.html
[Sampler] sample.wav not found (sampler available after you add a file).
[GraphDebug] initial graph nodes=17 ordered=[]

================ MENU ================
Source: osc (N to toggle)
Wave: sine
Base token: 12tet/full  Root MIDI: 60
FREE variant: continuous
LFO: wave=sine rate=4.000Hz depth=0.50 route=both use_input=False
Hold bumper = momentary mode; double-tap = latch
======================================

[Audio] Skipping output initialisation (no-audio mode).
Menu:'m'  LS=pitch/vel  RS=filter.  A=trigger  B=mode  X=wave  Y=cycle  N=source (osc/sampler).
Bumpers: hold=momentary, double-tap=latch. RB default FREE; LB default 12tet/full.
Z cycles FREE variant. </> root down/up, / resets root.

Eff:12tet/full       Base:12tet/full       Free:continuous Src:osc | Root: 60  Freq: 220.00Hz  Vel:0.00 | Cut: 1000.0Hz  Q:0.80  Filter:lowpass | Wave:sine  Mode:Envelope   LFO:sine/4.00Hz d=0.50 src=free[__main__] main() returned: 0
[__main__] SystemExit raised with code=0
