_amp_ckernels_cffi.c
   Creating library .\Release\_amp_ckernels_cffi.cp310-win_amd64.lib and object .\Release\_amp_ckernels_cffi.cp310-win_amd64.exp
Generating code
Finished generating code
pygame 2.6.1 (SDL 2.28.4, Python 3.10.6)
Hello from the pygame community. https://www.pygame.org/contribute.html
[Sampler] sample.wav not found (sampler available after you add a file).
[GraphDebug] initial graph nodes=17 ordered=[]

================ MENU ================
Source: osc (N to toggle)
Wave: sine
Base token: 12tet/full  Root MIDI: 60
FREE variant: continuous
LFO: wave=sine rate=4.000Hz depth=0.50 route=both use_input=False
Hold bumper = momentary mode; double-tap = latch
======================================


[Audio] Device #10 @ 44100 Hz
[GraphDebug] post-audio graph nodes=17 ordered=[]
Menu:'m'  LS=pitch/vel  RS=filter.  A=trigger  B=mode  X=wave  Y=cycle  N=source (osc/sampler).
Bumpers: hold=momentary, double-tap=latch. RB default FREE; LB default 12tet/full.
Z cycles FREE variant. </> root down/up, / resets root.

Eff:12tet/full       Base:12tet/full       Free:continuous Src:osc | Root: 60  Freq: 220.00Hz  Vel:0.00 | Cut: 1000.0Hz  Q:0.80  Filter:lowpass | Wave:sine  Mode:Envelope   LFO:sine/4.00Hz d=0.50 src=free[AudioCallback] Audio callback: PCM queue empty when data expected
[CffiEdgeRunner] node='keyboard_ctrl' -> status=0
[CffiEdgeRunner] node='joystick_ctrl' -> status=0
[CffiEdgeRunner] node='pan_lfo1' -> status=0
[CffiEdgeRunner] node='pan_lfo2' -> status=0
[CffiEdgeRunner] node='pan_lfo3' -> status=0
[CffiEdgeRunner] node='am_lfo1' -> status=0
[CffiEdgeRunner] node='am_lfo2' -> status=0
[CffiEdgeRunner] node='am_lfo3' -> status=0
[CffiEdgeRunner] node='pitch' -> status=0
[CffiEdgeRunner] node='env1' -> status=0
[CffiEdgeRunner] node='env2' -> status=0
[CffiEdgeRunner] node='env3' -> status=0
[CffiEdgeRunner] node='osc1' -> status=0
[CffiEdgeRunner] node='osc2' -> status=0
[CffiEdgeRunner] node='osc3' -> status=0
[CffiEdgeRunner] node='subharm' -> status=0
[CffiEdgeRunner] node='mixer' -> status=0
[CffiEdgeRunner] node='keyboard_ctrl' -> status=0
[CffiEdgeRunner] node='joystick_ctrl' -> status=0
[CffiEdgeRunner] node='pan_lfo1' -> status=0
[CffiEdgeRunner] node='pan_lfo2' -> status=0
[CffiEdgeRunner] node='pan_lfo3' -> status=0
[CffiEdgeRunner] node='am_lfo1' -> status=0
[CffiEdgeRunner] node='am_lfo2' -> status=0
[CffiEdgeRunner] node='am_lfo3' -> status=0
[CffiEdgeRunner] node='pitch' -> status=0
[CffiEdgeRunner] node='env1' -> status=0
[CffiEdgeRunner] node='env2' -> status=0
[CffiEdgeRunner] node='env3' -> status=0
[CffiEdgeRunner] node='osc1' -> status=0
[CffiEdgeRunner] node='osc2' -> status=0
[CffiEdgeRunner] node='osc3' -> status=0
[CffiEdgeRunner] node='subharm' -> status=0
[CffiEdgeRunner] node='mixer' -> status=0
